TN:
SF:src/app.js
FN:16,(anonymous_0)
FN:26,(anonymous_1)
FN:27,(anonymous_2)
FN:30,(anonymous_3)
FNF:4
FNH:0
FNDA:0,(anonymous_0)
FNDA:0,(anonymous_1)
FNDA:0,(anonymous_2)
FNDA:0,(anonymous_3)
DA:1,0
DA:3,0
DA:4,0
DA:5,0
DA:6,0
DA:9,0
DA:12,0
DA:13,0
DA:16,0
DA:17,0
DA:21,0
DA:24,0
DA:25,0
DA:26,0
DA:27,0
DA:28,0
DA:31,0
DA:32,0
DA:36,0
LF:19
LH:0
BRDA:24,0,0,0
BRDA:24,0,1,0
BRDA:25,1,0,0
BRDA:25,1,1,0
BRF:4
BRH:0
end_of_record
TN:
SF:src/config/db.js
FN:3,connectDB
FNF:1
FNH:0
FNDA:0,connectDB
DA:1,0
DA:4,0
DA:5,0
DA:6,0
DA:10,0
DA:12,0
DA:13,0
DA:17,0
LF:8
LH:0
BRF:0
BRH:0
end_of_record
TN:
SF:src/controllers/reservationController.js
FN:12,(anonymous_0)
FN:21,(anonymous_1)
FN:36,(anonymous_2)
FN:51,(anonymous_3)
FN:70,(anonymous_4)
FN:89,(anonymous_5)
FNF:6
FNH:6
FNDA:10,(anonymous_0)
FNDA:2,(anonymous_1)
FNDA:1,(anonymous_2)
FNDA:2,(anonymous_3)
FNDA:2,(anonymous_4)
FNDA:2,(anonymous_5)
DA:2,1
DA:5,1
DA:13,10
DA:22,2
DA:23,2
DA:24,1
DA:26,1
DA:27,1
DA:37,1
DA:38,1
DA:39,1
DA:41,0
DA:42,0
DA:52,2
DA:53,2
DA:54,2
DA:55,2
DA:56,1
DA:58,1
DA:60,0
DA:61,0
DA:71,2
DA:72,2
DA:73,2
DA:74,2
DA:75,1
DA:77,1
DA:79,0
DA:80,0
DA:90,2
DA:91,2
DA:92,2
DA:93,2
DA:94,1
DA:96,1
DA:98,0
DA:99,0
DA:105,1
DA:106,1
LF:39
LH:31
BRDA:55,0,0,1
BRDA:55,0,1,1
BRDA:74,1,0,1
BRDA:74,1,1,1
BRDA:93,2,0,1
BRDA:93,2,1,1
BRF:6
BRH:6
end_of_record
TN:
SF:src/models/Producto.js
FNF:0
FNH:0
DA:2,0
DA:3,0
DA:5,0
DA:14,0
LF:4
LH:0
BRF:0
BRH:0
end_of_record
TN:
SF:src/models/reservationModel.js
FNF:0
FNH:0
DA:1,1
DA:8,1
DA:38,1
DA:40,1
LF:4
LH:4
BRF:0
BRH:0
end_of_record
TN:
SF:src/routes/reservationRoutes.js
FNF:0
FNH:0
DA:1,0
DA:2,0
DA:4,0
DA:7,0
DA:8,0
DA:9,0
DA:10,0
DA:11,0
DA:13,0
LF:9
LH:0
BRF:0
BRH:0
end_of_record
TN:
SF:src/services/reservationService.js
FN:8,(anonymous_0)
FN:12,(anonymous_1)
FN:18,(anonymous_2)
FN:22,(anonymous_3)
FN:26,(anonymous_4)
FN:30,(anonymous_5)
FNF:6
FNH:3
FNDA:3,(anonymous_0)
FNDA:1,(anonymous_1)
FNDA:1,(anonymous_2)
FNDA:0,(anonymous_3)
FNDA:0,(anonymous_4)
FNDA:0,(anonymous_5)
DA:9,3
DA:14,1
DA:15,1
DA:19,1
DA:23,0
DA:27,0
DA:31,0
DA:36,2
LF:8
LH:5
BRF:0
BRH:0
end_of_record
